<?xml version="1.0" encoding="UTF-8"?>
<!-- Generated by org.testng.reporters.JUnitXMLReporter -->
<testsuite ignored="0" hostname="ii" failures="0" tests="7" name="Default test" time="1.551" errors="0" timestamp="2021-04-25T20:35:57 IST">
  <testcase classname="test.TestDemo" name="loginTest" time="0.011"/>
  <testcase classname="test.TestDemo" name="loginTest" time="0.007"/>
  <testcase classname="test.TestDemo" name="loginTest" time="0.005"/>
  <testcase classname="test.TestDemo" name="loginTest" time="0.002"/>
  <testcase classname="test.TestDemo" name="loginTest" time="0.007"/>
  <testcase classname="test.TestDemo" name="loginTest" time="0.002"/>
  <testcase classname="test.TestDemo" name="loginTest" time="0.002"/>
</testsuite> <!-- Default test -->
