<?xml version="1.0" encoding="UTF-8"?>
<!-- Generated by org.testng.reporters.JUnitXMLReporter -->
<testsuite ignored="8" hostname="User-PC" failures="0" tests="5" name="Test1" time="0.236" errors="0" timestamp="2021-03-22T18:07:10 IST">
  <testcase classname="testNGAnotation.fbLoginTest" name="fbLoginTest1" time="0.04"/>
  <testcase classname="testNGAnotation.fbLoginTest" name="fbLoginTest2" time="0.003"/>
  <testcase classname="testNGAnotation.YohooLoginTest" name="yohooLoginTest" time="0.012"/>
  <testcase classname="testNGAnotation.GmailLoginTest" name="gmainlLoginTest1" time="0.002"/>
  <testcase classname="testNGAnotation.GmailLoginTest" name="gmainlLoginTest2" time="0.003"/>
  <testcase classname="testNGAnotation.BaseClass" name="@AfterSuite suitmethod2" time="0.0">
    <ignored/>
  </testcase> <!-- @AfterSuite suitmethod2 -->
  <testcase classname="testNGAnotation.BaseClass" name="@AfterSuite suitmethod2" time="0.0">
    <ignored/>
  </testcase> <!-- @AfterSuite suitmethod2 -->
  <testcase classname="testNGAnotation.BaseClass" name="@AfterTest endReport" time="0.0">
    <ignored/>
  </testcase> <!-- @AfterTest endReport -->
  <testcase classname="testNGAnotation.BaseClass" name="@AfterTest endReport" time="0.0">
    <ignored/>
  </testcase> <!-- @AfterTest endReport -->
  <testcase classname="testNGAnotation.BaseClass" name="@BeforeSuite suitmethod1" time="0.0">
    <ignored/>
  </testcase> <!-- @BeforeSuite suitmethod1 -->
  <testcase classname="testNGAnotation.BaseClass" name="@BeforeSuite suitmethod1" time="0.0">
    <ignored/>
  </testcase> <!-- @BeforeSuite suitmethod1 -->
  <testcase classname="testNGAnotation.BaseClass" name="@BeforeTest extentReport" time="0.0">
    <ignored/>
  </testcase> <!-- @BeforeTest extentReport -->
  <testcase classname="testNGAnotation.BaseClass" name="@BeforeTest extentReport" time="0.0">
    <ignored/>
  </testcase> <!-- @BeforeTest extentReport -->
</testsuite> <!-- Test1 -->
