<?xml version="1.0" encoding="UTF-8"?>
<!-- Generated by org.testng.reporters.JUnitXMLReporter -->
<testsuite ignored="0" hostname="User-PC" failures="0" tests="3" name="Sprint1(failed)" time="0.198" errors="0" timestamp="2021-03-12T10:32:06 IST">
  <testcase classname="testNgFailTestCase.TestCase2" name="gmailLoginTest" time="0.019"/>
  <testcase classname="testNgFailTestCase.TestCase3" name="mercuryLoginTest" time="0.001"/>
  <testcase classname="testNgFailTestCase.TestCase1" name="fbLoginTest" time="0.001"/>
</testsuite> <!-- Sprint1(failed) -->
